wear/build/intermediates/manifest_merge_blame_file/debug/processDebugMainManifest/manifest-merger-blame-debug-report.txt
1<?xml version="1.0" encoding="utf-8"?>
2<manifest xmlns:android="http://schemas.android.com/apk/res/android"
3    package="com.wristborn.app"
4    android:versionCode="1"
5    android:versionName="0.1.0" >
6
7    <uses-sdk
8        android:minSdkVersion="26"
9        android:targetSdkVersion="34" />
10
11    <uses-feature android:name="android.hardware.type.watch" />
11-->src\main\AndroidManifest.xml:3:5-64
11-->src\main\AndroidManifest.xml:3:19-61
12    <uses-feature
12-->src\main\AndroidManifest.xml:4:5-90
13        android:name="android.hardware.bluetooth_le"
13-->src\main\AndroidManifest.xml:4:19-63
14        android:required="true" />
14-->src\main\AndroidManifest.xml:4:64-87
15
16    <uses-permission android:name="android.permission.BLUETOOTH" />
16-->src\main\AndroidManifest.xml:6:5-68
16-->src\main\AndroidManifest.xml:6:22-65
17    <uses-permission android:name="android.permission.BLUETOOTH_ADMIN" />
17-->src\main\AndroidManifest.xml:7:5-74
17-->src\main\AndroidManifest.xml:7:22-71
18    <uses-permission android:name="android.permission.BLUETOOTH_SCAN" />
18-->src\main\AndroidManifest.xml:8:5-73
18-->src\main\AndroidManifest.xml:8:22-70
19    <uses-permission android:name="android.permission.BLUETOOTH_ADVERTISE" />
19-->src\main\AndroidManifest.xml:9:5-78
19-->src\main\AndroidManifest.xml:9:22-75
20    <uses-permission android:name="android.permission.BLUETOOTH_CONNECT" />
20-->src\main\AndroidManifest.xml:10:5-76
20-->src\main\AndroidManifest.xml:10:22-73
21    <uses-permission android:name="android.permission.ACCESS_FINE_LOCATION" />
21-->src\main\AndroidManifest.xml:11:5-79
21-->src\main\AndroidManifest.xml:11:22-76
22    <uses-permission android:name="android.permission.ACCESS_COARSE_LOCATION" />
22-->src\main\AndroidManifest.xml:12:5-81
22-->src\main\AndroidManifest.xml:12:22-78
23    <uses-permission android:name="android.permission.VIBRATE" />
23-->src\main\AndroidManifest.xml:13:5-66
23-->src\main\AndroidManifest.xml:13:22-63
24
25    <queries>
25-->[androidx.wear.tiles:tiles:1.3.0] AndroidManifest.xml:7:5-11:15
26        <intent>
26-->[androidx.wear.tiles:tiles:1.3.0] AndroidManifest.xml:8:9-10:18
27            <action android:name="androidx.wear.tiles.action.BIND_UPDATE_REQUESTER" />
27-->[androidx.wear.tiles:tiles:1.3.0] AndroidManifest.xml:9:13-87
27-->[androidx.wear.tiles:tiles:1.3.0] AndroidManifest.xml:9:21-84
28        </intent>
29    </queries>
30
31    <permission
31-->[androidx.core:core:1.13.1] AndroidManifest.xml:22:5-24:47
32        android:name="com.wristborn.app.DYNAMIC_RECEIVER_NOT_EXPORTED_PERMISSION"
32-->[androidx.core:core:1.13.1] AndroidManifest.xml:23:9-81
33        android:protectionLevel="signature" />
33-->[androidx.core:core:1.13.1] AndroidManifest.xml:24:9-44
34
35    <uses-permission android:name="com.wristborn.app.DYNAMIC_RECEIVER_NOT_EXPORTED_PERMISSION" />
35-->[androidx.core:core:1.13.1] AndroidManifest.xml:26:5-97
35-->[androidx.core:core:1.13.1] AndroidManifest.xml:26:22-94
36
37    <application
37-->src\main\AndroidManifest.xml:15:5-56:19
38        android:allowBackup="true"
38-->src\main\AndroidManifest.xml:16:9-35
39        android:appComponentFactory="androidx.core.app.CoreComponentFactory"
39-->[androidx.core:core:1.13.1] AndroidManifest.xml:28:18-86
40        android:debuggable="true"
41        android:extractNativeLibs="false"
42        android:icon="@android:drawable/sym_def_app_icon"
42-->src\main\AndroidManifest.xml:17:9-58
43        android:label="Wristborn"
43-->src\main\AndroidManifest.xml:18:9-34
44        android:supportsRtl="true"
44-->src\main\AndroidManifest.xml:19:9-35
45        android:theme="@android:style/Theme.DeviceDefault" >
45-->src\main\AndroidManifest.xml:20:9-59
46        <activity
46-->src\main\AndroidManifest.xml:22:9-29:20
47            android:name="com.wristborn.app.MainActivity"
47-->src\main\AndroidManifest.xml:23:13-41
48            android:exported="true" >
48-->src\main\AndroidManifest.xml:24:13-36
49            <intent-filter>
49-->src\main\AndroidManifest.xml:25:13-28:29
50                <action android:name="android.intent.action.MAIN" />
50-->src\main\AndroidManifest.xml:26:17-69
50-->src\main\AndroidManifest.xml:26:25-66
51
52                <category android:name="android.intent.category.LAUNCHER" />
52-->src\main\AndroidManifest.xml:27:17-77
52-->src\main\AndroidManifest.xml:27:27-74
53            </intent-filter>
54        </activity>
55
56        <service
56-->src\main\AndroidManifest.xml:31:9-38:19
57            android:name="com.wristborn.app.ArenaTileService"
57-->src\main\AndroidManifest.xml:32:13-45
58            android:exported="true"
58-->src\main\AndroidManifest.xml:33:13-36
59            android:permission="com.google.android.wearable.permission.BIND_TILE_PROVIDER" >
59-->src\main\AndroidManifest.xml:34:13-91
60            <intent-filter>
60-->src\main\AndroidManifest.xml:35:13-37:29
61                <action android:name="androidx.wear.tiles.action.BIND_TILE_PROVIDER" />
61-->src\main\AndroidManifest.xml:36:17-88
61-->src\main\AndroidManifest.xml:36:25-85
62            </intent-filter>
63        </service>
64        <service
64-->src\main\AndroidManifest.xml:40:9-55:19
65            android:name="com.wristborn.app.WristbornComplicationService"
65-->src\main\AndroidManifest.xml:41:13-57
66            android:exported="true"
66-->src\main\AndroidManifest.xml:42:13-36
67            android:label="Wristborn Status"
67-->src\main\AndroidManifest.xml:43:13-45
68            android:permission="com.google.android.wearable.permission.BIND_COMPLICATION_PROVIDER" >
68-->src\main\AndroidManifest.xml:44:13-99
69            <intent-filter>
69-->src\main\AndroidManifest.xml:45:13-47:29
70                <action android:name="android.support.wearable.complications.ACTION_COMPLICATION_UPDATE_REQUEST" />
70-->src\main\AndroidManifest.xml:46:17-116
70-->src\main\AndroidManifest.xml:46:25-113
71            </intent-filter>
72
73            <meta-data
73-->src\main\AndroidManifest.xml:49:13-51:46
74                android:name="android.support.wearable.complications.SUPPORTED_TYPES"
74-->src\main\AndroidManifest.xml:50:17-86
75                android:value="SHORT_TEXT" />
75-->src\main\AndroidManifest.xml:51:17-43
76            <meta-data
76-->src\main\AndroidManifest.xml:52:13-54:37
77                android:name="android.support.wearable.complications.UPDATE_PERIOD_SECONDS"
77-->src\main\AndroidManifest.xml:53:17-92
78                android:value="0" />
78-->src\main\AndroidManifest.xml:54:17-34
79        </service>
80
81        <uses-library
81-->[androidx.wear.compose:compose-foundation:1.4.1] AndroidManifest.xml:23:9-25:40
82            android:name="wear-sdk"
82-->[androidx.wear.compose:compose-foundation:1.4.1] AndroidManifest.xml:24:13-36
83            android:required="false" />
83-->[androidx.wear.compose:compose-foundation:1.4.1] AndroidManifest.xml:25:13-37
84        <uses-library
84-->[androidx.wear.watchface:watchface-complications-data:1.2.1] AndroidManifest.xml:8:9-10:40
85            android:name="com.google.android.wearable"
85-->[androidx.wear.watchface:watchface-complications-data:1.2.1] AndroidManifest.xml:9:13-55
86            android:required="false" />
86-->[androidx.wear.watchface:watchface-complications-data:1.2.1] AndroidManifest.xml:10:13-37
87
88        <provider
88-->[androidx.emoji2:emoji2:1.3.0] AndroidManifest.xml:24:9-32:20
89            android:name="androidx.startup.InitializationProvider"
89-->[androidx.emoji2:emoji2:1.3.0] AndroidManifest.xml:25:13-67
90            android:authorities="com.wristborn.app.androidx-startup"
90-->[androidx.emoji2:emoji2:1.3.0] AndroidManifest.xml:26:13-68
91            android:exported="false" >
91-->[androidx.emoji2:emoji2:1.3.0] AndroidManifest.xml:27:13-37
92            <meta-data
92-->[androidx.emoji2:emoji2:1.3.0] AndroidManifest.xml:29:13-31:52
93                android:name="androidx.emoji2.text.EmojiCompatInitializer"
93-->[androidx.emoji2:emoji2:1.3.0] AndroidManifest.xml:30:17-75
94                android:value="androidx.startup" />
94-->[androidx.emoji2:emoji2:1.3.0] AndroidManifest.xml:31:17-49
95            <meta-data
95-->[androidx.lifecycle:lifecycle-process:2.8.4] AndroidManifest.xml:29:13-31:52
96                android:name="androidx.lifecycle.ProcessLifecycleInitializer"
96-->[androidx.lifecycle:lifecycle-process:2.8.4] AndroidManifest.xml:30:17-78
97                android:value="androidx.startup" />
97-->[androidx.lifecycle:lifecycle-process:2.8.4] AndroidManifest.xml:31:17-49
98            <meta-data
98-->[androidx.profileinstaller:profileinstaller:1.3.1] AndroidManifest.xml:29:13-31:52
99                android:name="androidx.profileinstaller.ProfileInstallerInitializer"
99-->[androidx.profileinstaller:profileinstaller:1.3.1] AndroidManifest.xml:30:17-85
100                android:value="androidx.startup" />
100-->[androidx.profileinstaller:profileinstaller:1.3.1] AndroidManifest.xml:31:17-49
101        </provider>
102
103        <activity
103-->[androidx.compose.ui:ui-tooling-android:1.7.0] AndroidManifest.xml:23:9-25:39
104            android:name="androidx.compose.ui.tooling.PreviewActivity"
104-->[androidx.compose.ui:ui-tooling-android:1.7.0] AndroidManifest.xml:24:13-71
105            android:exported="true" />
105-->[androidx.compose.ui:ui-tooling-android:1.7.0] AndroidManifest.xml:25:13-36
106
107        <receiver
107-->[androidx.profileinstaller:profileinstaller:1.3.1] AndroidManifest.xml:34:9-52:20
108            android:name="androidx.profileinstaller.ProfileInstallReceiver"
108-->[androidx.profileinstaller:profileinstaller:1.3.1] AndroidManifest.xml:35:13-76
109            android:directBootAware="false"
109-->[androidx.profileinstaller:profileinstaller:1.3.1] AndroidManifest.xml:36:13-44
110            android:enabled="true"
110-->[androidx.profileinstaller:profileinstaller:1.3.1] AndroidManifest.xml:37:13-35
111            android:exported="true"
111-->[androidx.profileinstaller:profileinstaller:1.3.1] AndroidManifest.xml:38:13-36
112            android:permission="android.permission.DUMP" >
112-->[androidx.profileinstaller:profileinstaller:1.3.1] AndroidManifest.xml:39:13-57
113            <intent-filter>
113-->[androidx.profileinstaller:profileinstaller:1.3.1] AndroidManifest.xml:40:13-42:29
114                <action android:name="androidx.profileinstaller.action.INSTALL_PROFILE" />
114-->[androidx.profileinstaller:profileinstaller:1.3.1] AndroidManifest.xml:41:17-91
114-->[androidx.profileinstaller:profileinstaller:1.3.1] AndroidManifest.xml:41:25-88
115            </intent-filter>
116            <intent-filter>
116-->[androidx.profileinstaller:profileinstaller:1.3.1] AndroidManifest.xml:43:13-45:29
117                <action android:name="androidx.profileinstaller.action.SKIP_FILE" />
117-->[androidx.profileinstaller:profileinstaller:1.3.1] AndroidManifest.xml:44:17-85
117-->[androidx.profileinstaller:profileinstaller:1.3.1] AndroidManifest.xml:44:25-82
118            </intent-filter>
119            <intent-filter>
119-->[androidx.profileinstaller:profileinstaller:1.3.1] AndroidManifest.xml:46:13-48:29
120                <action android:name="androidx.profileinstaller.action.SAVE_PROFILE" />
120-->[androidx.profileinstaller:profileinstaller:1.3.1] AndroidManifest.xml:47:17-88
120-->[androidx.profileinstaller:profileinstaller:1.3.1] AndroidManifest.xml:47:25-85
121            </intent-filter>
122            <intent-filter>
122-->[androidx.profileinstaller:profileinstaller:1.3.1] AndroidManifest.xml:49:13-51:29
123                <action android:name="androidx.profileinstaller.action.BENCHMARK_OPERATION" />
123-->[androidx.profileinstaller:profileinstaller:1.3.1] AndroidManifest.xml:50:17-95
123-->[androidx.profileinstaller:profileinstaller:1.3.1] AndroidManifest.xml:50:25-92
124            </intent-filter>
125        </receiver>
126    </application>
127
128</manifest>